2018-08-16 17:33:12,389-0400 INFO  mkfntmap - starting with command line: mkfntmap
2018-08-16 17:33:12,389-0400 INFO  mkfntmap - Parsing config file C:\Users\200394095\Documents\MikTex\texmfs\install\miktex\config\updmap.cfg...
2018-08-16 17:33:12,416-0400 INFO  mkfntmap - Parsing C:\Users\200394095\Documents\MikTex\texmfs\install\fonts\map\dvips\tetex\dvips35.map...
2018-08-16 17:33:12,432-0400 INFO  mkfntmap - Parsing C:\Users\200394095\Documents\MikTex\texmfs\install\fonts\map\dvips\tetex\pdftex35.map...
2018-08-16 17:33:12,463-0400 INFO  mkfntmap - Parsing C:\Users\200394095\Documents\MikTex\texmfs\install\fonts\map\dvips\tetex\dvipdfm35.map...
2018-08-16 17:33:12,478-0400 INFO  mkfntmap - Parsing C:\Users\200394095\Documents\MikTex\texmfs\install\fonts\map\dvips\tetex\ps2pk35.map...
2018-08-16 17:33:12,550-0400 INFO  mkfntmap - Parsing C:\Users\200394095\Documents\MikTex\texmfs\install\fonts\map\dvips\amsfonts\cm.map...
2018-08-16 17:33:12,582-0400 INFO  mkfntmap - Parsing C:\Users\200394095\Documents\MikTex\texmfs\install\fonts\map\dvips\amsfonts\cmextra.map...
2018-08-16 17:33:12,597-0400 INFO  mkfntmap - Parsing C:\Users\200394095\Documents\MikTex\texmfs\install\fonts\map\dvips\amsfonts\cyrillic.map...
2018-08-16 17:33:12,637-0400 INFO  mkfntmap - Parsing C:\Users\200394095\Documents\MikTex\texmfs\install\fonts\map\dvips\amsfonts\euler.map...
2018-08-16 17:33:12,648-0400 INFO  mkfntmap - Parsing C:\Users\200394095\Documents\MikTex\texmfs\install\dvips\eurosym\eurosym.map...
2018-08-16 17:33:12,682-0400 INFO  mkfntmap - Parsing C:\Users\200394095\Documents\MikTex\texmfs\install\fonts\map\dvips\amsfonts\latxfont.map...
2018-08-16 17:33:12,698-0400 INFO  mkfntmap - Parsing C:\Users\200394095\Documents\MikTex\texmfs\install\fonts\map\dvips\mflogo-font\mflogo.map...
2018-08-16 17:33:12,729-0400 INFO  mkfntmap - Parsing C:\Users\200394095\Documents\MikTex\texmfs\install\fonts\map\dvips\rsfs\rsfs.map...
2018-08-16 17:33:12,760-0400 INFO  mkfntmap - Parsing C:\Users\200394095\Documents\MikTex\texmfs\install\fonts\map\dvips\amsfonts\symbols.map...
2018-08-16 17:33:12,792-0400 INFO  mkfntmap - Parsing C:\Users\200394095\Documents\MikTex\texmfs\install\fonts\map\dvips\xypic\xypic.map...
2018-08-16 17:33:13,077-0400 INFO  mkfntmap - Parsing C:\Users\200394095\Documents\MikTex\texmfs\install\fonts\map\dvips\psnfss\charter.map...
2018-08-16 17:33:13,171-0400 INFO  mkfntmap - Parsing C:\Users\200394095\Documents\MikTex\texmfs\install\fonts\map\dvips\psnfss\fpls.map...
2018-08-16 17:33:13,264-0400 INFO  mkfntmap - Parsing C:\Users\200394095\Documents\MikTex\texmfs\install\fonts\map\dvips\lm\lm.map...
2018-08-16 17:33:13,424-0400 INFO  mkfntmap - Parsing C:\Users\200394095\Documents\MikTex\texmfs\install\fonts\map\dvips\psnfss\pazo.map...
2018-08-16 17:33:13,439-0400 INFO  mkfntmap - Parsing C:\Users\200394095\Documents\MikTex\texmfs\install\fonts\map\dvips\pslatex\pcrr8rn.map...
2018-08-16 17:33:13,461-0400 INFO  mkfntmap - Parsing C:\Users\200394095\Documents\MikTex\texmfs\install\fonts\map\dvips\psnfss\psnfss.map...
2018-08-16 17:33:13,586-0400 INFO  mkfntmap - Parsing C:\Users\200394095\Documents\MikTex\texmfs\install\fonts\map\dvips\avantgar\uag.map...
2018-08-16 17:33:13,618-0400 INFO  mkfntmap - Parsing C:\Users\200394095\Documents\MikTex\texmfs\install\fonts\map\dvips\bookman\ubk.map...
2018-08-16 17:33:13,636-0400 INFO  mkfntmap - Parsing C:\Users\200394095\Documents\MikTex\texmfs\install\fonts\map\dvips\courier\ucr.map...
2018-08-16 17:33:13,655-0400 INFO  mkfntmap - Parsing C:\Users\200394095\Documents\MikTex\texmfs\install\fonts\map\dvips\helvetic\uhv.map...
2018-08-16 17:33:13,660-0400 INFO  mkfntmap - Parsing C:\Users\200394095\Documents\MikTex\texmfs\install\fonts\map\dvips\ncntrsbk\unc.map...
2018-08-16 17:33:13,675-0400 INFO  mkfntmap - Parsing C:\Users\200394095\Documents\MikTex\texmfs\install\fonts\map\dvips\palatino\upl.map...
2018-08-16 17:33:13,691-0400 INFO  mkfntmap - Parsing C:\Users\200394095\Documents\MikTex\texmfs\install\fonts\map\dvips\times\utm.map...
2018-08-16 17:33:13,707-0400 INFO  mkfntmap - Parsing C:\Users\200394095\Documents\MikTex\texmfs\install\fonts\map\dvips\psnfss\utopia.map...
2018-08-16 17:33:13,722-0400 INFO  mkfntmap - Parsing C:\Users\200394095\Documents\MikTex\texmfs\install\fonts\map\dvips\zapfchan\uzc.map...
2018-08-16 17:33:13,722-0400 INFO  mkfntmap - Parsing C:\Users\200394095\Documents\MikTex\texmfs\install\fonts\map\dvips\zapfding\uzd.map...
2018-08-16 17:33:13,800-0400 INFO  mkfntmap - Writing C:\Users\200394095\Documents\MikTex\texmfs/data\dvips\config\ps2pk.map...
2018-08-16 17:33:14,066-0400 INFO  mkfntmap - Writing C:\Users\200394095\Documents\MikTex\texmfs/data\dvips\config\download35.map...
2018-08-16 17:33:14,082-0400 INFO  mkfntmap - Writing C:\Users\200394095\Documents\MikTex\texmfs/data\dvips\config\builtin35.map...
2018-08-16 17:33:14,097-0400 INFO  mkfntmap - Writing C:\Users\200394095\Documents\MikTex\texmfs/data\dvips\config\psfonts_t1.map...
2018-08-16 17:33:14,113-0400 INFO  mkfntmap - Writing C:\Users\200394095\Documents\MikTex\texmfs/data\dvips\config\psfonts_pk.map...
2018-08-16 17:33:14,144-0400 INFO  mkfntmap - Writing C:\Users\200394095\Documents\MikTex\texmfs/data\pdftex\config\pdftex_ndl14.map...
2018-08-16 17:33:14,160-0400 INFO  mkfntmap - Writing C:\Users\200394095\Documents\MikTex\texmfs/data\pdftex\config\pdftex_dl14.map...
2018-08-16 17:33:14,191-0400 INFO  mkfntmap - Writing C:\Users\200394095\Documents\MikTex\texmfs/data\dvipdfm\config\dvipdfm_dl14.map...
2018-08-16 17:33:14,207-0400 INFO  mkfntmap - Writing C:\Users\200394095\Documents\MikTex\texmfs/data\dvipdfm\config\dvipdfm_ndl14.map...
2018-08-16 17:33:14,222-0400 INFO  mkfntmap - Copying C:\Users\200394095\Documents\MikTex\texmfs/data\dvips\config\psfonts_t1.map
2018-08-16 17:33:14,222-0400 INFO  mkfntmap -      to C:\Users\200394095\Documents\MikTex\texmfs/data\dvips\config\psfonts.map...
2018-08-16 17:33:14,238-0400 INFO  mkfntmap - Copying C:\Users\200394095\Documents\MikTex\texmfs/data\dvipdfm\config\dvipdfm_dl14.map
2018-08-16 17:33:14,238-0400 INFO  mkfntmap -      to C:\Users\200394095\Documents\MikTex\texmfs/data\dvipdfm\config\dvipdfm.map...
2018-08-16 17:33:14,253-0400 INFO  mkfntmap - Copying C:\Users\200394095\Documents\MikTex\texmfs/data\pdftex\config\pdftex_dl14.map
2018-08-16 17:33:14,253-0400 INFO  mkfntmap -      to C:\Users\200394095\Documents\MikTex\texmfs/data\pdftex\config\pdftex.map...
2018-08-16 17:33:14,363-0400 INFO  mkfntmap - running: miktex-fc-cache
2018-08-16 17:35:51,893-0400 INFO  mkfntmap - finishing with exit code 0
2018-08-16 17:37:15,995-0400 INFO  mkfntmap - starting with command line: mkfntmap
2018-08-16 17:37:16,000-0400 INFO  mkfntmap - Parsing config file C:\Users\200394095\Documents\MikTex\texmfs\install\miktex\config\updmap.cfg...
2018-08-16 17:37:16,009-0400 INFO  mkfntmap - Parsing C:\Users\200394095\Documents\MikTex\texmfs\install\fonts\map\dvips\tetex\dvips35.map...
2018-08-16 17:37:16,018-0400 INFO  mkfntmap - Parsing C:\Users\200394095\Documents\MikTex\texmfs\install\fonts\map\dvips\tetex\pdftex35.map...
2018-08-16 17:37:16,023-0400 INFO  mkfntmap - Parsing C:\Users\200394095\Documents\MikTex\texmfs\install\fonts\map\dvips\tetex\dvipdfm35.map...
2018-08-16 17:37:16,028-0400 INFO  mkfntmap - Parsing C:\Users\200394095\Documents\MikTex\texmfs\install\fonts\map\dvips\tetex\ps2pk35.map...
2018-08-16 17:37:16,045-0400 INFO  mkfntmap - Parsing C:\Users\200394095\Documents\MikTex\texmfs\install\fonts\map\dvips\amsfonts\cm.map...
2018-08-16 17:37:16,052-0400 INFO  mkfntmap - Parsing C:\Users\200394095\Documents\MikTex\texmfs\install\fonts\map\dvips\amsfonts\cmextra.map...
2018-08-16 17:37:16,056-0400 INFO  mkfntmap - Parsing C:\Users\200394095\Documents\MikTex\texmfs\install\fonts\map\dvips\amsfonts\cyrillic.map...
2018-08-16 17:37:16,063-0400 INFO  mkfntmap - Parsing C:\Users\200394095\Documents\MikTex\texmfs\install\fonts\map\dvips\amsfonts\euler.map...
2018-08-16 17:37:16,067-0400 INFO  mkfntmap - Parsing C:\Users\200394095\Documents\MikTex\texmfs\install\dvips\eurosym\eurosym.map...
2018-08-16 17:37:16,078-0400 INFO  mkfntmap - Parsing C:\Users\200394095\Documents\MikTex\texmfs\install\fonts\map\dvips\amsfonts\latxfont.map...
2018-08-16 17:37:16,085-0400 INFO  mkfntmap - Parsing C:\Users\200394095\Documents\MikTex\texmfs\install\fonts\map\dvips\mflogo-font\mflogo.map...
2018-08-16 17:37:16,096-0400 INFO  mkfntmap - Parsing C:\Users\200394095\Documents\MikTex\texmfs\install\fonts\map\dvips\rsfs\rsfs.map...
2018-08-16 17:37:16,104-0400 INFO  mkfntmap - Parsing C:\Users\200394095\Documents\MikTex\texmfs\install\fonts\map\dvips\amsfonts\symbols.map...
2018-08-16 17:37:16,114-0400 INFO  mkfntmap - Parsing C:\Users\200394095\Documents\MikTex\texmfs\install\fonts\map\dvips\xypic\xypic.map...
2018-08-16 17:37:16,174-0400 INFO  mkfntmap - Parsing C:\Users\200394095\Documents\MikTex\texmfs\install\fonts\map\dvips\psnfss\charter.map...
2018-08-16 17:37:16,198-0400 INFO  mkfntmap - Parsing C:\Users\200394095\Documents\MikTex\texmfs\install\fonts\map\dvips\psnfss\fpls.map...
2018-08-16 17:37:16,217-0400 INFO  mkfntmap - Parsing C:\Users\200394095\Documents\MikTex\texmfs\install\fonts\map\dvips\lm\lm.map...
2018-08-16 17:37:16,249-0400 INFO  mkfntmap - Parsing C:\Users\200394095\Documents\MikTex\texmfs\install\fonts\map\dvips\psnfss\pazo.map...
2018-08-16 17:37:16,255-0400 INFO  mkfntmap - Parsing C:\Users\200394095\Documents\MikTex\texmfs\install\fonts\map\dvips\pslatex\pcrr8rn.map...
2018-08-16 17:37:16,264-0400 INFO  mkfntmap - Parsing C:\Users\200394095\Documents\MikTex\texmfs\install\fonts\map\dvips\psnfss\psnfss.map...
2018-08-16 17:37:16,280-0400 INFO  mkfntmap - Parsing C:\Users\200394095\Documents\MikTex\texmfs\install\fonts\map\dvips\avantgar\uag.map...
2018-08-16 17:37:16,288-0400 INFO  mkfntmap - Parsing C:\Users\200394095\Documents\MikTex\texmfs\install\fonts\map\dvips\bookman\ubk.map...
2018-08-16 17:37:16,294-0400 INFO  mkfntmap - Parsing C:\Users\200394095\Documents\MikTex\texmfs\install\fonts\map\dvips\courier\ucr.map...
2018-08-16 17:37:16,301-0400 INFO  mkfntmap - Parsing C:\Users\200394095\Documents\MikTex\texmfs\install\fonts\map\dvips\helvetic\uhv.map...
2018-08-16 17:37:16,309-0400 INFO  mkfntmap - Parsing C:\Users\200394095\Documents\MikTex\texmfs\install\fonts\map\dvips\ncntrsbk\unc.map...
2018-08-16 17:37:16,317-0400 INFO  mkfntmap - Parsing C:\Users\200394095\Documents\MikTex\texmfs\install\fonts\map\dvips\palatino\upl.map...
2018-08-16 17:37:16,324-0400 INFO  mkfntmap - Parsing C:\Users\200394095\Documents\MikTex\texmfs\install\fonts\map\dvips\times\utm.map...
2018-08-16 17:37:16,330-0400 INFO  mkfntmap - Parsing C:\Users\200394095\Documents\MikTex\texmfs\install\fonts\map\dvips\psnfss\utopia.map...
2018-08-16 17:37:16,333-0400 INFO  mkfntmap - Parsing C:\Users\200394095\Documents\MikTex\texmfs\install\fonts\map\dvips\zapfchan\uzc.map...
2018-08-16 17:37:16,340-0400 INFO  mkfntmap - Parsing C:\Users\200394095\Documents\MikTex\texmfs\install\fonts\map\dvips\zapfding\uzd.map...
2018-08-16 17:37:16,351-0400 INFO  mkfntmap - Writing C:\Users\200394095\Documents\MikTex\texmfs/data\dvips\config\ps2pk.map...
2018-08-16 17:37:16,371-0400 INFO  mkfntmap - Writing C:\Users\200394095\Documents\MikTex\texmfs/data\dvips\config\download35.map...
2018-08-16 17:37:16,380-0400 INFO  mkfntmap - Writing C:\Users\200394095\Documents\MikTex\texmfs/data\dvips\config\builtin35.map...
2018-08-16 17:37:16,391-0400 INFO  mkfntmap - Writing C:\Users\200394095\Documents\MikTex\texmfs/data\dvips\config\psfonts_t1.map...
2018-08-16 17:37:16,407-0400 INFO  mkfntmap - Writing C:\Users\200394095\Documents\MikTex\texmfs/data\dvips\config\psfonts_pk.map...
2018-08-16 17:37:16,426-0400 INFO  mkfntmap - Writing C:\Users\200394095\Documents\MikTex\texmfs/data\pdftex\config\pdftex_ndl14.map...
2018-08-16 17:37:16,447-0400 INFO  mkfntmap - Writing C:\Users\200394095\Documents\MikTex\texmfs/data\pdftex\config\pdftex_dl14.map...
2018-08-16 17:37:16,461-0400 INFO  mkfntmap - Writing C:\Users\200394095\Documents\MikTex\texmfs/data\dvipdfm\config\dvipdfm_dl14.map...
2018-08-16 17:37:16,479-0400 INFO  mkfntmap - Writing C:\Users\200394095\Documents\MikTex\texmfs/data\dvipdfm\config\dvipdfm_ndl14.map...
2018-08-16 17:37:16,496-0400 INFO  mkfntmap - Copying C:\Users\200394095\Documents\MikTex\texmfs/data\dvips\config\psfonts_t1.map
2018-08-16 17:37:16,496-0400 INFO  mkfntmap -      to C:\Users\200394095\Documents\MikTex\texmfs/data\dvips\config\psfonts.map...
2018-08-16 17:37:16,522-0400 INFO  mkfntmap - Copying C:\Users\200394095\Documents\MikTex\texmfs/data\dvipdfm\config\dvipdfm_dl14.map
2018-08-16 17:37:16,522-0400 INFO  mkfntmap -      to C:\Users\200394095\Documents\MikTex\texmfs/data\dvipdfm\config\dvipdfm.map...
2018-08-16 17:37:16,535-0400 INFO  mkfntmap - Copying C:\Users\200394095\Documents\MikTex\texmfs/data\pdftex\config\pdftex_dl14.map
2018-08-16 17:37:16,535-0400 INFO  mkfntmap -      to C:\Users\200394095\Documents\MikTex\texmfs/data\pdftex\config\pdftex.map...
2018-08-16 17:37:16,581-0400 INFO  mkfntmap - running: miktex-fc-cache
2018-08-16 17:37:20,430-0400 INFO  mkfntmap - finishing with exit code 0
2018-08-16 17:41:13,173-0400 INFO  mkfntmap - starting with command line: mkfntmap
2018-08-16 17:41:13,195-0400 INFO  mkfntmap - Parsing config file C:\Users\200394095\Documents\MikTex\texmfs\install\miktex\config\updmap.cfg...
2018-08-16 17:41:13,205-0400 INFO  mkfntmap - Parsing C:\Users\200394095\Documents\MikTex\texmfs\install\fonts\map\dvips\tetex\dvips35.map...
2018-08-16 17:41:13,214-0400 INFO  mkfntmap - Parsing C:\Users\200394095\Documents\MikTex\texmfs\install\fonts\map\dvips\tetex\pdftex35.map...
2018-08-16 17:41:13,217-0400 INFO  mkfntmap - Parsing C:\Users\200394095\Documents\MikTex\texmfs\install\fonts\map\dvips\tetex\dvipdfm35.map...
2018-08-16 17:41:13,217-0400 INFO  mkfntmap - Parsing C:\Users\200394095\Documents\MikTex\texmfs\install\fonts\map\dvips\tetex\ps2pk35.map...
2018-08-16 17:41:13,233-0400 INFO  mkfntmap - Parsing C:\Users\200394095\Documents\MikTex\texmfs\install\fonts\map\dvips\amsfonts\cm.map...
2018-08-16 17:41:13,248-0400 INFO  mkfntmap - Parsing C:\Users\200394095\Documents\MikTex\texmfs\install\fonts\map\dvips\amsfonts\cmextra.map...
2018-08-16 17:41:13,248-0400 INFO  mkfntmap - Parsing C:\Users\200394095\Documents\MikTex\texmfs\install\fonts\map\dvips\amsfonts\cyrillic.map...
2018-08-16 17:41:13,264-0400 INFO  mkfntmap - Parsing C:\Users\200394095\Documents\MikTex\texmfs\install\fonts\map\dvips\amsfonts\euler.map...
2018-08-16 17:41:13,264-0400 INFO  mkfntmap - Parsing C:\Users\200394095\Documents\MikTex\texmfs\install\dvips\eurosym\eurosym.map...
2018-08-16 17:41:13,294-0400 INFO  mkfntmap - Parsing C:\Users\200394095\Documents\MikTex\texmfs\install\fonts\map\dvips\amsfonts\latxfont.map...
2018-08-16 17:41:13,307-0400 INFO  mkfntmap - Parsing C:\Users\200394095\Documents\MikTex\texmfs\install\fonts\map\dvips\mflogo-font\mflogo.map...
2018-08-16 17:41:13,320-0400 INFO  mkfntmap - Parsing C:\Users\200394095\Documents\MikTex\texmfs\install\fonts\map\dvips\rsfs\rsfs.map...
2018-08-16 17:41:13,330-0400 INFO  mkfntmap - Parsing C:\Users\200394095\Documents\MikTex\texmfs\install\fonts\map\dvips\amsfonts\symbols.map...
2018-08-16 17:41:13,339-0400 INFO  mkfntmap - Parsing C:\Users\200394095\Documents\MikTex\texmfs\install\fonts\map\dvips\xypic\xypic.map...
2018-08-16 17:41:13,392-0400 INFO  mkfntmap - Parsing C:\Users\200394095\Documents\MikTex\texmfs\install\fonts\map\dvips\psnfss\charter.map...
2018-08-16 17:41:13,408-0400 INFO  mkfntmap - Parsing C:\Users\200394095\Documents\MikTex\texmfs\install\fonts\map\dvips\psnfss\fpls.map...
2018-08-16 17:41:13,439-0400 INFO  mkfntmap - Parsing C:\Users\200394095\Documents\MikTex\texmfs\install\fonts\map\dvips\lm\lm.map...
2018-08-16 17:41:13,470-0400 INFO  mkfntmap - Parsing C:\Users\200394095\Documents\MikTex\texmfs\install\fonts\map\dvips\psnfss\pazo.map...
2018-08-16 17:41:13,470-0400 INFO  mkfntmap - Parsing C:\Users\200394095\Documents\MikTex\texmfs\install\fonts\map\dvips\pslatex\pcrr8rn.map...
2018-08-16 17:41:13,486-0400 INFO  mkfntmap - Parsing C:\Users\200394095\Documents\MikTex\texmfs\install\fonts\map\dvips\psnfss\psnfss.map...
2018-08-16 17:41:13,501-0400 INFO  mkfntmap - Parsing C:\Users\200394095\Documents\MikTex\texmfs\install\fonts\map\dvips\avantgar\uag.map...
2018-08-16 17:41:13,501-0400 INFO  mkfntmap - Parsing C:\Users\200394095\Documents\MikTex\texmfs\install\fonts\map\dvips\bookman\ubk.map...
2018-08-16 17:41:13,517-0400 INFO  mkfntmap - Parsing C:\Users\200394095\Documents\MikTex\texmfs\install\fonts\map\dvips\courier\ucr.map...
2018-08-16 17:41:13,517-0400 INFO  mkfntmap - Parsing C:\Users\200394095\Documents\MikTex\texmfs\install\fonts\map\dvips\helvetic\uhv.map...
2018-08-16 17:41:13,517-0400 INFO  mkfntmap - Parsing C:\Users\200394095\Documents\MikTex\texmfs\install\fonts\map\dvips\ncntrsbk\unc.map...
2018-08-16 17:41:13,533-0400 INFO  mkfntmap - Parsing C:\Users\200394095\Documents\MikTex\texmfs\install\fonts\map\dvips\palatino\upl.map...
2018-08-16 17:41:13,533-0400 INFO  mkfntmap - Parsing C:\Users\200394095\Documents\MikTex\texmfs\install\fonts\map\dvips\times\utm.map...
2018-08-16 17:41:13,548-0400 INFO  mkfntmap - Parsing C:\Users\200394095\Documents\MikTex\texmfs\install\fonts\map\dvips\psnfss\utopia.map...
2018-08-16 17:41:13,548-0400 INFO  mkfntmap - Parsing C:\Users\200394095\Documents\MikTex\texmfs\install\fonts\map\dvips\zapfchan\uzc.map...
2018-08-16 17:41:13,548-0400 INFO  mkfntmap - Parsing C:\Users\200394095\Documents\MikTex\texmfs\install\fonts\map\dvips\zapfding\uzd.map...
2018-08-16 17:41:13,564-0400 INFO  mkfntmap - Writing C:\Users\200394095\Documents\MikTex\texmfs/data\dvips\config\ps2pk.map...
2018-08-16 17:41:13,580-0400 INFO  mkfntmap - Writing C:\Users\200394095\Documents\MikTex\texmfs/data\dvips\config\download35.map...
2018-08-16 17:41:13,595-0400 INFO  mkfntmap - Writing C:\Users\200394095\Documents\MikTex\texmfs/data\dvips\config\builtin35.map...
2018-08-16 17:41:13,611-0400 INFO  mkfntmap - Writing C:\Users\200394095\Documents\MikTex\texmfs/data\dvips\config\psfonts_t1.map...
2018-08-16 17:41:13,626-0400 INFO  mkfntmap - Writing C:\Users\200394095\Documents\MikTex\texmfs/data\dvips\config\psfonts_pk.map...
2018-08-16 17:41:13,645-0400 INFO  mkfntmap - Writing C:\Users\200394095\Documents\MikTex\texmfs/data\pdftex\config\pdftex_ndl14.map...
2018-08-16 17:41:13,663-0400 INFO  mkfntmap - Writing C:\Users\200394095\Documents\MikTex\texmfs/data\pdftex\config\pdftex_dl14.map...
2018-08-16 17:41:13,667-0400 INFO  mkfntmap - Writing C:\Users\200394095\Documents\MikTex\texmfs/data\dvipdfm\config\dvipdfm_dl14.map...
2018-08-16 17:41:13,682-0400 INFO  mkfntmap - Writing C:\Users\200394095\Documents\MikTex\texmfs/data\dvipdfm\config\dvipdfm_ndl14.map...
2018-08-16 17:41:13,698-0400 INFO  mkfntmap - Copying C:\Users\200394095\Documents\MikTex\texmfs/data\dvips\config\psfonts_t1.map
2018-08-16 17:41:13,698-0400 INFO  mkfntmap -      to C:\Users\200394095\Documents\MikTex\texmfs/data\dvips\config\psfonts.map...
2018-08-16 17:41:13,729-0400 INFO  mkfntmap - Copying C:\Users\200394095\Documents\MikTex\texmfs/data\dvipdfm\config\dvipdfm_dl14.map
2018-08-16 17:41:13,729-0400 INFO  mkfntmap -      to C:\Users\200394095\Documents\MikTex\texmfs/data\dvipdfm\config\dvipdfm.map...
2018-08-16 17:41:13,745-0400 INFO  mkfntmap - Copying C:\Users\200394095\Documents\MikTex\texmfs/data\pdftex\config\pdftex_dl14.map
2018-08-16 17:41:13,745-0400 INFO  mkfntmap -      to C:\Users\200394095\Documents\MikTex\texmfs/data\pdftex\config\pdftex.map...
2018-08-16 17:41:13,792-0400 INFO  mkfntmap - running: miktex-fc-cache
2018-08-16 17:41:17,763-0400 INFO  mkfntmap - finishing with exit code 0
2018-08-16 17:49:13,093-0400 INFO  mkfntmap - starting with command line: mkfntmap
2018-08-16 17:49:13,100-0400 INFO  mkfntmap - Parsing config file C:\Users\200394095\Documents\MikTex\texmfs\install\miktex\config\updmap.cfg...
2018-08-16 17:49:13,107-0400 INFO  mkfntmap - Parsing C:\Users\200394095\Documents\MikTex\texmfs\install\fonts\map\dvips\tetex\dvips35.map...
2018-08-16 17:49:13,114-0400 INFO  mkfntmap - Parsing C:\Users\200394095\Documents\MikTex\texmfs\install\fonts\map\dvips\tetex\pdftex35.map...
2018-08-16 17:49:13,119-0400 INFO  mkfntmap - Parsing C:\Users\200394095\Documents\MikTex\texmfs\install\fonts\map\dvips\tetex\dvipdfm35.map...
2018-08-16 17:49:13,124-0400 INFO  mkfntmap - Parsing C:\Users\200394095\Documents\MikTex\texmfs\install\fonts\map\dvips\tetex\ps2pk35.map...
2018-08-16 17:49:13,137-0400 INFO  mkfntmap - Parsing C:\Users\200394095\Documents\MikTex\texmfs\install\fonts\map\dvips\amsfonts\cm.map...
2018-08-16 17:49:13,142-0400 INFO  mkfntmap - Parsing C:\Users\200394095\Documents\MikTex\texmfs\install\fonts\map\dvips\amsfonts\cmextra.map...
2018-08-16 17:49:13,146-0400 INFO  mkfntmap - Parsing C:\Users\200394095\Documents\MikTex\texmfs\install\fonts\map\dvips\amsfonts\cyrillic.map...
2018-08-16 17:49:13,152-0400 INFO  mkfntmap - Parsing C:\Users\200394095\Documents\MikTex\texmfs\install\fonts\map\dvips\amsfonts\euler.map...
2018-08-16 17:49:13,155-0400 INFO  mkfntmap - Parsing C:\Users\200394095\Documents\MikTex\texmfs\install\dvips\eurosym\eurosym.map...
2018-08-16 17:49:13,162-0400 INFO  mkfntmap - Parsing C:\Users\200394095\Documents\MikTex\texmfs\install\fonts\map\dvips\amsfonts\latxfont.map...
2018-08-16 17:49:13,166-0400 INFO  mkfntmap - Parsing C:\Users\200394095\Documents\MikTex\texmfs\install\fonts\map\dvips\mflogo-font\mflogo.map...
2018-08-16 17:49:13,175-0400 INFO  mkfntmap - Parsing C:\Users\200394095\Documents\MikTex\texmfs\install\fonts\map\dvips\rsfs\rsfs.map...
2018-08-16 17:49:13,183-0400 INFO  mkfntmap - Parsing C:\Users\200394095\Documents\MikTex\texmfs\install\fonts\map\dvips\amsfonts\symbols.map...
2018-08-16 17:49:13,190-0400 INFO  mkfntmap - Parsing C:\Users\200394095\Documents\MikTex\texmfs\install\fonts\map\dvips\xypic\xypic.map...
2018-08-16 17:49:13,227-0400 INFO  mkfntmap - Parsing C:\Users\200394095\Documents\MikTex\texmfs\install\fonts\map\dvips\psnfss\charter.map...
2018-08-16 17:49:13,242-0400 INFO  mkfntmap - Parsing C:\Users\200394095\Documents\MikTex\texmfs\install\fonts\map\dvips\psnfss\fpls.map...
2018-08-16 17:49:13,258-0400 INFO  mkfntmap - Parsing C:\Users\200394095\Documents\MikTex\texmfs\install\fonts\map\dvips\lm\lm.map...
2018-08-16 17:49:13,289-0400 INFO  mkfntmap - Parsing C:\Users\200394095\Documents\MikTex\texmfs\install\fonts\map\dvips\psnfss\pazo.map...
2018-08-16 17:49:13,289-0400 INFO  mkfntmap - Parsing C:\Users\200394095\Documents\MikTex\texmfs\install\fonts\map\dvips\pslatex\pcrr8rn.map...
2018-08-16 17:49:13,305-0400 INFO  mkfntmap - Parsing C:\Users\200394095\Documents\MikTex\texmfs\install\fonts\map\dvips\psnfss\psnfss.map...
2018-08-16 17:49:13,305-0400 INFO  mkfntmap - Parsing C:\Users\200394095\Documents\MikTex\texmfs\install\fonts\map\dvips\avantgar\uag.map...
2018-08-16 17:49:13,321-0400 INFO  mkfntmap - Parsing C:\Users\200394095\Documents\MikTex\texmfs\install\fonts\map\dvips\bookman\ubk.map...
2018-08-16 17:49:13,321-0400 INFO  mkfntmap - Parsing C:\Users\200394095\Documents\MikTex\texmfs\install\fonts\map\dvips\courier\ucr.map...
2018-08-16 17:49:13,321-0400 INFO  mkfntmap - Parsing C:\Users\200394095\Documents\MikTex\texmfs\install\fonts\map\dvips\helvetic\uhv.map...
2018-08-16 17:49:13,336-0400 INFO  mkfntmap - Parsing C:\Users\200394095\Documents\MikTex\texmfs\install\fonts\map\dvips\ncntrsbk\unc.map...
2018-08-16 17:49:13,336-0400 INFO  mkfntmap - Parsing C:\Users\200394095\Documents\MikTex\texmfs\install\fonts\map\dvips\palatino\upl.map...
2018-08-16 17:49:13,352-0400 INFO  mkfntmap - Parsing C:\Users\200394095\Documents\MikTex\texmfs\install\fonts\map\dvips\times\utm.map...
2018-08-16 17:49:13,352-0400 INFO  mkfntmap - Parsing C:\Users\200394095\Documents\MikTex\texmfs\install\fonts\map\dvips\psnfss\utopia.map...
2018-08-16 17:49:13,352-0400 INFO  mkfntmap - Parsing C:\Users\200394095\Documents\MikTex\texmfs\install\fonts\map\dvips\zapfchan\uzc.map...
2018-08-16 17:49:13,352-0400 INFO  mkfntmap - Parsing C:\Users\200394095\Documents\MikTex\texmfs\install\fonts\map\dvips\zapfding\uzd.map...
2018-08-16 17:49:13,368-0400 INFO  mkfntmap - Writing C:\Users\200394095\Documents\MikTex\texmfs/data\dvips\config\ps2pk.map...
2018-08-16 17:49:13,383-0400 INFO  mkfntmap - Writing C:\Users\200394095\Documents\MikTex\texmfs/data\dvips\config\download35.map...
2018-08-16 17:49:13,399-0400 INFO  mkfntmap - Writing C:\Users\200394095\Documents\MikTex\texmfs/data\dvips\config\builtin35.map...
2018-08-16 17:49:13,399-0400 INFO  mkfntmap - Writing C:\Users\200394095\Documents\MikTex\texmfs/data\dvips\config\psfonts_t1.map...
2018-08-16 17:49:13,414-0400 INFO  mkfntmap - Writing C:\Users\200394095\Documents\MikTex\texmfs/data\dvips\config\psfonts_pk.map...
2018-08-16 17:49:13,437-0400 INFO  mkfntmap - Writing C:\Users\200394095\Documents\MikTex\texmfs/data\pdftex\config\pdftex_ndl14.map...
2018-08-16 17:49:13,453-0400 INFO  mkfntmap - Writing C:\Users\200394095\Documents\MikTex\texmfs/data\pdftex\config\pdftex_dl14.map...
2018-08-16 17:49:13,469-0400 INFO  mkfntmap - Writing C:\Users\200394095\Documents\MikTex\texmfs/data\dvipdfm\config\dvipdfm_dl14.map...
2018-08-16 17:49:13,484-0400 INFO  mkfntmap - Writing C:\Users\200394095\Documents\MikTex\texmfs/data\dvipdfm\config\dvipdfm_ndl14.map...
2018-08-16 17:49:13,500-0400 INFO  mkfntmap - Copying C:\Users\200394095\Documents\MikTex\texmfs/data\dvips\config\psfonts_t1.map
2018-08-16 17:49:13,500-0400 INFO  mkfntmap -      to C:\Users\200394095\Documents\MikTex\texmfs/data\dvips\config\psfonts.map...
2018-08-16 17:49:13,531-0400 INFO  mkfntmap - Copying C:\Users\200394095\Documents\MikTex\texmfs/data\dvipdfm\config\dvipdfm_dl14.map
2018-08-16 17:49:13,531-0400 INFO  mkfntmap -      to C:\Users\200394095\Documents\MikTex\texmfs/data\dvipdfm\config\dvipdfm.map...
2018-08-16 17:49:13,547-0400 INFO  mkfntmap - Copying C:\Users\200394095\Documents\MikTex\texmfs/data\pdftex\config\pdftex_dl14.map
2018-08-16 17:49:13,547-0400 INFO  mkfntmap -      to C:\Users\200394095\Documents\MikTex\texmfs/data\pdftex\config\pdftex.map...
2018-08-16 17:49:13,594-0400 INFO  mkfntmap - running: miktex-fc-cache
2018-08-16 17:49:16,951-0400 INFO  mkfntmap - finishing with exit code 0
2018-08-16 17:50:50,595-0400 INFO  mkfntmap - starting with command line: mkfntmap
2018-08-16 17:50:50,611-0400 INFO  mkfntmap - Parsing config file C:\Users\200394095\Documents\MikTex\texmfs\install\miktex\config\updmap.cfg...
2018-08-16 17:50:50,611-0400 INFO  mkfntmap - Parsing C:\Users\200394095\Documents\MikTex\texmfs\install\fonts\map\dvips\tetex\dvips35.map...
2018-08-16 17:50:50,626-0400 INFO  mkfntmap - Parsing C:\Users\200394095\Documents\MikTex\texmfs\install\fonts\map\dvips\tetex\pdftex35.map...
2018-08-16 17:50:50,626-0400 INFO  mkfntmap - Parsing C:\Users\200394095\Documents\MikTex\texmfs\install\fonts\map\dvips\tetex\dvipdfm35.map...
2018-08-16 17:50:50,626-0400 INFO  mkfntmap - Parsing C:\Users\200394095\Documents\MikTex\texmfs\install\fonts\map\dvips\tetex\ps2pk35.map...
2018-08-16 17:50:50,642-0400 INFO  mkfntmap - Parsing C:\Users\200394095\Documents\MikTex\texmfs\install\fonts\map\dvips\amsfonts\cm.map...
2018-08-16 17:50:50,642-0400 INFO  mkfntmap - Parsing C:\Users\200394095\Documents\MikTex\texmfs\install\fonts\map\dvips\amsfonts\cmextra.map...
2018-08-16 17:50:50,657-0400 INFO  mkfntmap - Parsing C:\Users\200394095\Documents\MikTex\texmfs\install\fonts\map\dvips\amsfonts\cyrillic.map...
2018-08-16 17:50:50,665-0400 INFO  mkfntmap - Parsing C:\Users\200394095\Documents\MikTex\texmfs\install\fonts\map\dvips\amsfonts\euler.map...
2018-08-16 17:50:50,669-0400 INFO  mkfntmap - Parsing C:\Users\200394095\Documents\MikTex\texmfs\install\dvips\eurosym\eurosym.map...
2018-08-16 17:50:50,676-0400 INFO  mkfntmap - Parsing C:\Users\200394095\Documents\MikTex\texmfs\install\fonts\map\dvips\amsfonts\latxfont.map...
2018-08-16 17:50:50,680-0400 INFO  mkfntmap - Parsing C:\Users\200394095\Documents\MikTex\texmfs\install\fonts\map\dvips\mflogo-font\mflogo.map...
2018-08-16 17:50:50,688-0400 INFO  mkfntmap - Parsing C:\Users\200394095\Documents\MikTex\texmfs\install\fonts\map\dvips\rsfs\rsfs.map...
2018-08-16 17:50:50,696-0400 INFO  mkfntmap - Parsing C:\Users\200394095\Documents\MikTex\texmfs\install\fonts\map\dvips\amsfonts\symbols.map...
2018-08-16 17:50:50,696-0400 INFO  mkfntmap - Parsing C:\Users\200394095\Documents\MikTex\texmfs\install\fonts\map\dvips\xypic\xypic.map...
2018-08-16 17:50:50,743-0400 INFO  mkfntmap - Parsing C:\Users\200394095\Documents\MikTex\texmfs\install\fonts\map\dvips\psnfss\charter.map...
2018-08-16 17:50:50,758-0400 INFO  mkfntmap - Parsing C:\Users\200394095\Documents\MikTex\texmfs\install\fonts\map\dvips\psnfss\fpls.map...
2018-08-16 17:50:50,758-0400 INFO  mkfntmap - Parsing C:\Users\200394095\Documents\MikTex\texmfs\install\fonts\map\dvips\lm\lm.map...
2018-08-16 17:50:50,790-0400 INFO  mkfntmap - Parsing C:\Users\200394095\Documents\MikTex\texmfs\install\fonts\map\dvips\psnfss\pazo.map...
2018-08-16 17:50:50,790-0400 INFO  mkfntmap - Parsing C:\Users\200394095\Documents\MikTex\texmfs\install\fonts\map\dvips\pslatex\pcrr8rn.map...
2018-08-16 17:50:50,805-0400 INFO  mkfntmap - Parsing C:\Users\200394095\Documents\MikTex\texmfs\install\fonts\map\dvips\psnfss\psnfss.map...
2018-08-16 17:50:50,821-0400 INFO  mkfntmap - Parsing C:\Users\200394095\Documents\MikTex\texmfs\install\fonts\map\dvips\avantgar\uag.map...
2018-08-16 17:50:50,821-0400 INFO  mkfntmap - Parsing C:\Users\200394095\Documents\MikTex\texmfs\install\fonts\map\dvips\bookman\ubk.map...
2018-08-16 17:50:50,821-0400 INFO  mkfntmap - Parsing C:\Users\200394095\Documents\MikTex\texmfs\install\fonts\map\dvips\courier\ucr.map...
2018-08-16 17:50:50,837-0400 INFO  mkfntmap - Parsing C:\Users\200394095\Documents\MikTex\texmfs\install\fonts\map\dvips\helvetic\uhv.map...
2018-08-16 17:50:50,837-0400 INFO  mkfntmap - Parsing C:\Users\200394095\Documents\MikTex\texmfs\install\fonts\map\dvips\ncntrsbk\unc.map...
2018-08-16 17:50:50,852-0400 INFO  mkfntmap - Parsing C:\Users\200394095\Documents\MikTex\texmfs\install\fonts\map\dvips\palatino\upl.map...
2018-08-16 17:50:50,852-0400 INFO  mkfntmap - Parsing C:\Users\200394095\Documents\MikTex\texmfs\install\fonts\map\dvips\times\utm.map...
2018-08-16 17:50:50,868-0400 INFO  mkfntmap - Parsing C:\Users\200394095\Documents\MikTex\texmfs\install\fonts\map\dvips\psnfss\utopia.map...
2018-08-16 17:50:50,899-0400 INFO  mkfntmap - Parsing C:\Users\200394095\Documents\MikTex\texmfs\install\fonts\map\dvips\zapfchan\uzc.map...
2018-08-16 17:50:50,899-0400 INFO  mkfntmap - Parsing C:\Users\200394095\Documents\MikTex\texmfs\install\fonts\map\dvips\zapfding\uzd.map...
2018-08-16 17:50:50,915-0400 INFO  mkfntmap - Writing C:\Users\200394095\Documents\MikTex\texmfs/data\dvips\config\ps2pk.map...
2018-08-16 17:50:50,915-0400 INFO  mkfntmap - Writing C:\Users\200394095\Documents\MikTex\texmfs/data\dvips\config\download35.map...
2018-08-16 17:50:50,930-0400 INFO  mkfntmap - Writing C:\Users\200394095\Documents\MikTex\texmfs/data\dvips\config\builtin35.map...
2018-08-16 17:50:50,930-0400 INFO  mkfntmap - Writing C:\Users\200394095\Documents\MikTex\texmfs/data\dvips\config\psfonts_t1.map...
2018-08-16 17:50:50,946-0400 INFO  mkfntmap - Writing C:\Users\200394095\Documents\MikTex\texmfs/data\dvips\config\psfonts_pk.map...
2018-08-16 17:50:50,962-0400 INFO  mkfntmap - Writing C:\Users\200394095\Documents\MikTex\texmfs/data\pdftex\config\pdftex_ndl14.map...
2018-08-16 17:50:50,977-0400 INFO  mkfntmap - Writing C:\Users\200394095\Documents\MikTex\texmfs/data\pdftex\config\pdftex_dl14.map...
2018-08-16 17:50:50,993-0400 INFO  mkfntmap - Writing C:\Users\200394095\Documents\MikTex\texmfs/data\dvipdfm\config\dvipdfm_dl14.map...
2018-08-16 17:50:50,993-0400 INFO  mkfntmap - Writing C:\Users\200394095\Documents\MikTex\texmfs/data\dvipdfm\config\dvipdfm_ndl14.map...
2018-08-16 17:50:51,008-0400 INFO  mkfntmap - Copying C:\Users\200394095\Documents\MikTex\texmfs/data\dvips\config\psfonts_t1.map
2018-08-16 17:50:51,008-0400 INFO  mkfntmap -      to C:\Users\200394095\Documents\MikTex\texmfs/data\dvips\config\psfonts.map...
2018-08-16 17:50:51,024-0400 INFO  mkfntmap - Copying C:\Users\200394095\Documents\MikTex\texmfs/data\dvipdfm\config\dvipdfm_dl14.map
2018-08-16 17:50:51,024-0400 INFO  mkfntmap -      to C:\Users\200394095\Documents\MikTex\texmfs/data\dvipdfm\config\dvipdfm.map...
2018-08-16 17:50:51,040-0400 INFO  mkfntmap - Copying C:\Users\200394095\Documents\MikTex\texmfs/data\pdftex\config\pdftex_dl14.map
2018-08-16 17:50:51,040-0400 INFO  mkfntmap -      to C:\Users\200394095\Documents\MikTex\texmfs/data\pdftex\config\pdftex.map...
2018-08-16 17:50:51,071-0400 INFO  mkfntmap - running: miktex-fc-cache
2018-08-16 17:50:54,272-0400 INFO  mkfntmap - finishing with exit code 0
2018-08-16 17:55:56,273-0400 INFO  mkfntmap - starting with command line: mkfntmap
2018-08-16 17:55:56,289-0400 INFO  mkfntmap - Parsing config file C:\Users\200394095\Documents\MikTex\texmfs\install\miktex\config\updmap.cfg...
2018-08-16 17:55:56,289-0400 INFO  mkfntmap - Parsing C:\Users\200394095\Documents\MikTex\texmfs\install\fonts\map\dvips\tetex\dvips35.map...
2018-08-16 17:55:56,289-0400 INFO  mkfntmap - Parsing C:\Users\200394095\Documents\MikTex\texmfs\install\fonts\map\dvips\tetex\pdftex35.map...
2018-08-16 17:55:56,305-0400 INFO  mkfntmap - Parsing C:\Users\200394095\Documents\MikTex\texmfs\install\fonts\map\dvips\tetex\dvipdfm35.map...
2018-08-16 17:55:56,305-0400 INFO  mkfntmap - Parsing C:\Users\200394095\Documents\MikTex\texmfs\install\fonts\map\dvips\tetex\ps2pk35.map...
2018-08-16 17:55:56,320-0400 INFO  mkfntmap - Parsing C:\Users\200394095\Documents\MikTex\texmfs\install\fonts\map\dvips\amsfonts\cm.map...
2018-08-16 17:55:56,336-0400 INFO  mkfntmap - Parsing C:\Users\200394095\Documents\MikTex\texmfs\install\fonts\map\dvips\amsfonts\cmextra.map...
2018-08-16 17:55:56,336-0400 INFO  mkfntmap - Parsing C:\Users\200394095\Documents\MikTex\texmfs\install\fonts\map\dvips\amsfonts\cyrillic.map...
2018-08-16 17:55:56,351-0400 INFO  mkfntmap - Parsing C:\Users\200394095\Documents\MikTex\texmfs\install\fonts\map\dvips\amsfonts\euler.map...
2018-08-16 17:55:56,351-0400 INFO  mkfntmap - Parsing C:\Users\200394095\Documents\MikTex\texmfs\install\dvips\eurosym\eurosym.map...
2018-08-16 17:55:56,351-0400 INFO  mkfntmap - Parsing C:\Users\200394095\Documents\MikTex\texmfs\install\fonts\map\dvips\amsfonts\latxfont.map...
2018-08-16 17:55:56,367-0400 INFO  mkfntmap - Parsing C:\Users\200394095\Documents\MikTex\texmfs\install\fonts\map\dvips\mflogo-font\mflogo.map...
2018-08-16 17:55:56,367-0400 INFO  mkfntmap - Parsing C:\Users\200394095\Documents\MikTex\texmfs\install\fonts\map\dvips\rsfs\rsfs.map...
2018-08-16 17:55:56,383-0400 INFO  mkfntmap - Parsing C:\Users\200394095\Documents\MikTex\texmfs\install\fonts\map\dvips\amsfonts\symbols.map...
2018-08-16 17:55:56,383-0400 INFO  mkfntmap - Parsing C:\Users\200394095\Documents\MikTex\texmfs\install\fonts\map\dvips\xypic\xypic.map...
2018-08-16 17:55:56,445-0400 INFO  mkfntmap - Parsing C:\Users\200394095\Documents\MikTex\texmfs\install\fonts\map\dvips\psnfss\charter.map...
2018-08-16 17:55:56,461-0400 INFO  mkfntmap - Parsing C:\Users\200394095\Documents\MikTex\texmfs\install\fonts\map\dvips\psnfss\fpls.map...
2018-08-16 17:55:56,476-0400 INFO  mkfntmap - Parsing C:\Users\200394095\Documents\MikTex\texmfs\install\fonts\map\dvips\lm\lm.map...
2018-08-16 17:55:56,508-0400 INFO  mkfntmap - Parsing C:\Users\200394095\Documents\MikTex\texmfs\install\fonts\map\dvips\psnfss\pazo.map...
2018-08-16 17:55:56,508-0400 INFO  mkfntmap - Parsing C:\Users\200394095\Documents\MikTex\texmfs\install\fonts\map\dvips\pslatex\pcrr8rn.map...
2018-08-16 17:55:56,523-0400 INFO  mkfntmap - Parsing C:\Users\200394095\Documents\MikTex\texmfs\install\fonts\map\dvips\psnfss\psnfss.map...
2018-08-16 17:55:56,539-0400 INFO  mkfntmap - Parsing C:\Users\200394095\Documents\MikTex\texmfs\install\fonts\map\dvips\avantgar\uag.map...
2018-08-16 17:55:56,539-0400 INFO  mkfntmap - Parsing C:\Users\200394095\Documents\MikTex\texmfs\install\fonts\map\dvips\bookman\ubk.map...
2018-08-16 17:55:56,555-0400 INFO  mkfntmap - Parsing C:\Users\200394095\Documents\MikTex\texmfs\install\fonts\map\dvips\courier\ucr.map...
2018-08-16 17:55:56,555-0400 INFO  mkfntmap - Parsing C:\Users\200394095\Documents\MikTex\texmfs\install\fonts\map\dvips\helvetic\uhv.map...
2018-08-16 17:55:56,570-0400 INFO  mkfntmap - Parsing C:\Users\200394095\Documents\MikTex\texmfs\install\fonts\map\dvips\ncntrsbk\unc.map...
2018-08-16 17:55:56,570-0400 INFO  mkfntmap - Parsing C:\Users\200394095\Documents\MikTex\texmfs\install\fonts\map\dvips\palatino\upl.map...
2018-08-16 17:55:56,570-0400 INFO  mkfntmap - Parsing C:\Users\200394095\Documents\MikTex\texmfs\install\fonts\map\dvips\times\utm.map...
2018-08-16 17:55:56,586-0400 INFO  mkfntmap - Parsing C:\Users\200394095\Documents\MikTex\texmfs\install\fonts\map\dvips\psnfss\utopia.map...
2018-08-16 17:55:56,586-0400 INFO  mkfntmap - Parsing C:\Users\200394095\Documents\MikTex\texmfs\install\fonts\map\dvips\zapfchan\uzc.map...
2018-08-16 17:55:56,586-0400 INFO  mkfntmap - Parsing C:\Users\200394095\Documents\MikTex\texmfs\install\fonts\map\dvips\zapfding\uzd.map...
2018-08-16 17:55:56,601-0400 INFO  mkfntmap - Writing C:\Users\200394095\Documents\MikTex\texmfs/data\dvips\config\ps2pk.map...
2018-08-16 17:55:56,629-0400 INFO  mkfntmap - Writing C:\Users\200394095\Documents\MikTex\texmfs/data\dvips\config\download35.map...
2018-08-16 17:55:56,638-0400 INFO  mkfntmap - Writing C:\Users\200394095\Documents\MikTex\texmfs/data\dvips\config\builtin35.map...
2018-08-16 17:55:56,649-0400 INFO  mkfntmap - Writing C:\Users\200394095\Documents\MikTex\texmfs/data\dvips\config\psfonts_t1.map...
2018-08-16 17:55:56,661-0400 INFO  mkfntmap - Writing C:\Users\200394095\Documents\MikTex\texmfs/data\dvips\config\psfonts_pk.map...
2018-08-16 17:55:56,674-0400 INFO  mkfntmap - Writing C:\Users\200394095\Documents\MikTex\texmfs/data\pdftex\config\pdftex_ndl14.map...
2018-08-16 17:55:56,675-0400 INFO  mkfntmap - Writing C:\Users\200394095\Documents\MikTex\texmfs/data\pdftex\config\pdftex_dl14.map...
2018-08-16 17:55:56,691-0400 INFO  mkfntmap - Writing C:\Users\200394095\Documents\MikTex\texmfs/data\dvipdfm\config\dvipdfm_dl14.map...
2018-08-16 17:55:56,707-0400 INFO  mkfntmap - Writing C:\Users\200394095\Documents\MikTex\texmfs/data\dvipdfm\config\dvipdfm_ndl14.map...
2018-08-16 17:55:56,722-0400 INFO  mkfntmap - Copying C:\Users\200394095\Documents\MikTex\texmfs/data\dvips\config\psfonts_t1.map
2018-08-16 17:55:56,722-0400 INFO  mkfntmap -      to C:\Users\200394095\Documents\MikTex\texmfs/data\dvips\config\psfonts.map...
2018-08-16 17:55:56,738-0400 INFO  mkfntmap - Copying C:\Users\200394095\Documents\MikTex\texmfs/data\dvipdfm\config\dvipdfm_dl14.map
2018-08-16 17:55:56,738-0400 INFO  mkfntmap -      to C:\Users\200394095\Documents\MikTex\texmfs/data\dvipdfm\config\dvipdfm.map...
2018-08-16 17:55:56,738-0400 INFO  mkfntmap - Copying C:\Users\200394095\Documents\MikTex\texmfs/data\pdftex\config\pdftex_dl14.map
2018-08-16 17:55:56,738-0400 INFO  mkfntmap -      to C:\Users\200394095\Documents\MikTex\texmfs/data\pdftex\config\pdftex.map...
2018-08-16 17:55:56,788-0400 INFO  mkfntmap - running: miktex-fc-cache
2018-08-16 17:55:59,855-0400 INFO  mkfntmap - finishing with exit code 0
